2018-11-22 02:25:57.132  INFO 39026 --- [main] c.L.SpringRest.MainApplicationClass      : Starting MainApplicationClass v1.0.3 on Ofirs-MacBook-Pro-2.local with PID 39026 (/Users/ofir1080/Dev/internal-dashboard-server-JDBC/target/LangNetInDa-1.0.3.jar started by ofir1080 in /Users/ofir1080/Dev/internal-dashboard-server-JDBC/target)
2018-11-22 02:25:57.140  INFO 39026 --- [main] c.L.SpringRest.MainApplicationClass      : No active profile set, falling back to default profiles: default
2018-11-22 02:25:57.184  INFO 39026 --- [main] ConfigServletWebServerApplicationContext : Refreshing org.springframework.boot.web.servlet.context.AnnotationConfigServletWebServerApplicationContext@35e2d654: startup date [Thu Nov 22 02:25:57 IST 2018]; root of context hierarchy
2018-11-22 02:25:58.648  INFO 39026 --- [main] o.s.b.w.embedded.tomcat.TomcatWebServer  : Tomcat initialized with port(s): 8080 (http)
2018-11-22 02:25:58.676  INFO 39026 --- [main] o.apache.catalina.core.StandardService   : Starting service [Tomcat]
2018-11-22 02:25:58.677  INFO 39026 --- [main] org.apache.catalina.core.StandardEngine  : Starting Servlet Engine: Apache Tomcat/8.5.34
2018-11-22 02:25:58.686  INFO 39026 --- [localhost-startStop-1] o.a.catalina.core.AprLifecycleListener   : The APR based Apache Tomcat Native library which allows optimal performance in production environments was not found on the java.library.path: [/Users/ofir1080/Library/Java/Extensions:/Library/Java/Extensions:/Network/Library/Java/Extensions:/System/Library/Java/Extensions:/usr/lib/java:.]
2018-11-22 02:25:58.760  INFO 39026 --- [localhost-startStop-1] o.a.c.c.C.[Tomcat].[localhost].[/]       : Initializing Spring embedded WebApplicationContext
2018-11-22 02:25:58.761  INFO 39026 --- [localhost-startStop-1] o.s.web.context.ContextLoader            : Root WebApplicationContext: initialization completed in 1577 ms
2018-11-22 02:25:58.840  INFO 39026 --- [localhost-startStop-1] o.s.b.w.servlet.FilterRegistrationBean   : Mapping filter: 'characterEncodingFilter' to: [/*]
2018-11-22 02:25:58.841  INFO 39026 --- [localhost-startStop-1] o.s.b.w.servlet.FilterRegistrationBean   : Mapping filter: 'hiddenHttpMethodFilter' to: [/*]
2018-11-22 02:25:58.841  INFO 39026 --- [localhost-startStop-1] o.s.b.w.servlet.FilterRegistrationBean   : Mapping filter: 'httpPutFormContentFilter' to: [/*]
2018-11-22 02:25:58.841  INFO 39026 --- [localhost-startStop-1] o.s.b.w.servlet.FilterRegistrationBean   : Mapping filter: 'requestContextFilter' to: [/*]
2018-11-22 02:25:58.841  INFO 39026 --- [localhost-startStop-1] .s.DelegatingFilterProxyRegistrationBean : Mapping filter: 'springSecurityFilterChain' to: [/*]
2018-11-22 02:25:58.841  INFO 39026 --- [localhost-startStop-1] o.s.b.w.servlet.ServletRegistrationBean  : Servlet dispatcherServlet mapped to [/]
2018-11-22 02:25:58.981  WARN 39026 --- [main] o.s.security.core.userdetails.User       : User.withDefaultPasswordEncoder() is considered unsafe for production and is only intended for sample applications.
2018-11-22 02:25:59.416  INFO 39026 --- [main] o.s.s.web.DefaultSecurityFilterChain     : Creating filter chain: org.springframework.security.web.util.matcher.AnyRequestMatcher@1, [org.springframework.security.web.context.request.async.WebAsyncManagerIntegrationFilter@22db8f4, org.springframework.security.web.context.SecurityContextPersistenceFilter@200606de, org.springframework.security.web.header.HeaderWriterFilter@1827a871, org.springframework.security.web.authentication.logout.LogoutFilter@600b0b7, org.springframework.security.web.authentication.UsernamePasswordAuthenticationFilter@22680f52, org.springframework.security.web.savedrequest.RequestCacheAwareFilter@3e587920, org.springframework.security.web.servletapi.SecurityContextHolderAwareRequestFilter@1e11bc55, org.springframework.security.web.authentication.AnonymousAuthenticationFilter@2b46a8c1, org.springframework.security.web.session.SessionManagementFilter@7249dadf, org.springframework.security.web.access.ExceptionTranslationFilter@2db2cd5, org.springframework.security.web.access.intercept.FilterSecurityInterceptor@cc62a3b]
2018-11-22 02:25:59.522  INFO 39026 --- [main] o.s.w.s.handler.SimpleUrlHandlerMapping  : Mapped URL path [/**/favicon.ico] onto handler of type [class org.springframework.web.servlet.resource.ResourceHttpRequestHandler]
2018-11-22 02:25:59.680  INFO 39026 --- [main] s.w.s.m.m.a.RequestMappingHandlerAdapter : Looking for @ControllerAdvice: org.springframework.boot.web.servlet.context.AnnotationConfigServletWebServerApplicationContext@35e2d654: startup date [Thu Nov 22 02:25:57 IST 2018]; root of context hierarchy
2018-11-22 02:25:59.750  INFO 39026 --- [main] s.w.s.m.m.a.RequestMappingHandlerMapping : Mapped "{[/login],methods=[GET]}" onto public java.lang.String com.LangNet.SpringRest.controller.LoginController.login(org.springframework.ui.Model,java.lang.String,java.lang.String)
2018-11-22 02:25:59.759  INFO 39026 --- [main] s.w.s.m.m.a.RequestMappingHandlerMapping : Mapped "{[/internal-dashboard/user-per-month],methods=[GET]}" onto public java.util.List<com.LangNet.SpringRest.model.month.UserPerMonth> com.LangNet.SpringRest.controller.TableController.getUserPerMonth()
2018-11-22 02:25:59.759  INFO 39026 --- [main] s.w.s.m.m.a.RequestMappingHandlerMapping : Mapped "{[/internal-dashboard/rec-per-month],methods=[GET]}" onto public java.util.List<com.LangNet.SpringRest.model.month.RecPerMonth> com.LangNet.SpringRest.controller.TableController.getRecPerMonth()
2018-11-22 02:25:59.760  INFO 39026 --- [main] s.w.s.m.m.a.RequestMappingHandlerMapping : Mapped "{[/internal-dashboard/total-lang],methods=[GET]}" onto public java.util.List<com.LangNet.SpringRest.model.total.TotalLang> com.LangNet.SpringRest.controller.TableController.getTotalLang()
2018-11-22 02:25:59.760  INFO 39026 --- [main] s.w.s.m.m.a.RequestMappingHandlerMapping : Mapped "{[/internal-dashboard/total-lang-USD],methods=[GET]}" onto public double com.LangNet.SpringRest.controller.TableController.getTotalLangUSD()
2018-11-22 02:25:59.761  INFO 39026 --- [main] s.w.s.m.m.a.RequestMappingHandlerMapping : Mapped "{[/internal-dashboard/total-users],methods=[GET]}" onto public java.util.List<com.LangNet.SpringRest.model.total.TotalUsers> com.LangNet.SpringRest.controller.TableController.getTotalUsers()
2018-11-22 02:25:59.761  INFO 39026 --- [main] s.w.s.m.m.a.RequestMappingHandlerMapping : Mapped "{[/internal-dashboard/total-countries],methods=[GET]}" onto public int com.LangNet.SpringRest.controller.TableController.getTotalCountries()
2018-11-22 02:25:59.761  INFO 39026 --- [main] s.w.s.m.m.a.RequestMappingHandlerMapping : Mapped "{[/internal-dashboard/total-time],methods=[GET]}" onto public java.util.List<com.LangNet.SpringRest.model.total.TotalTime> com.LangNet.SpringRest.controller.TableController.getTotalTime()
2018-11-22 02:25:59.761  INFO 39026 --- [main] s.w.s.m.m.a.RequestMappingHandlerMapping : Mapped "{[/internal-dashboard/top-countries],methods=[GET]}" onto public java.util.List<com.LangNet.SpringRest.model.top.TopCountries> com.LangNet.SpringRest.controller.TableController.getUserPerCountry()
2018-11-22 02:25:59.762  INFO 39026 --- [main] s.w.s.m.m.a.RequestMappingHandlerMapping : Mapped "{[/internal-dashboard/finished-campaign],methods=[GET]}" onto public java.util.List<com.LangNet.SpringRest.model.FinishedCampaign> com.LangNet.SpringRest.controller.TableController.getFinishedCampaign()
2018-11-22 02:25:59.762  INFO 39026 --- [main] s.w.s.m.m.a.RequestMappingHandlerMapping : Mapped "{[/internal-dashboard/top-users],methods=[GET]}" onto public java.util.List<com.LangNet.SpringRest.model.top.TopUsers> com.LangNet.SpringRest.controller.TableController.getTopUsers()
2018-11-22 02:25:59.763  INFO 39026 --- [main] s.w.s.m.m.a.RequestMappingHandlerMapping : Mapped "{[/internal-dashboard/users-ref],methods=[GET]}" onto public java.util.List<com.LangNet.SpringRest.model.month.UserReferencePerMonth> com.LangNet.SpringRest.controller.TableController.UserReferencePerMonth()
2018-11-22 02:25:59.763  INFO 39026 --- [main] s.w.s.m.m.a.RequestMappingHandlerMapping : Mapped "{[/internal-dashboard/user-list]}" onto public java.util.List<com.LangNet.SpringRest.model.UserList> com.LangNet.SpringRest.controller.TableController.getUserList(java.lang.String,java.lang.String,java.lang.String)
2018-11-22 02:25:59.764  INFO 39026 --- [main] s.w.s.m.m.a.RequestMappingHandlerMapping : Mapped "{[/internal-dashboard/referral],methods=[GET]}" onto public java.util.List<com.LangNet.SpringRest.model.Referral> com.LangNet.SpringRest.controller.TableController.getReferral()
2018-11-22 02:25:59.764  INFO 39026 --- [main] s.w.s.m.m.a.RequestMappingHandlerMapping : Mapped "{[/internal-dashboard/new-users],methods=[GET]}" onto public java.util.List<com.LangNet.SpringRest.model.NewUsersList> com.LangNet.SpringRest.controller.TableController.getNewUsersList()
2018-11-22 02:25:59.764  INFO 39026 --- [main] s.w.s.m.m.a.RequestMappingHandlerMapping : Mapped "{[/internal-dashboard/last-recorders],methods=[GET]}" onto public java.util.List<com.LangNet.SpringRest.model.UserList> com.LangNet.SpringRest.controller.TableController.getLastRecorders()
2018-11-22 02:25:59.767  INFO 39026 --- [main] s.w.s.m.m.a.RequestMappingHandlerMapping : Mapped "{[/error]}" onto public org.springframework.http.ResponseEntity<java.util.Map<java.lang.String, java.lang.Object>> org.springframework.boot.autoconfigure.web.servlet.error.BasicErrorController.error(javax.servlet.http.HttpServletRequest)
2018-11-22 02:25:59.768  INFO 39026 --- [main] s.w.s.m.m.a.RequestMappingHandlerMapping : Mapped "{[/error],produces=[text/html]}" onto public org.springframework.web.servlet.ModelAndView org.springframework.boot.autoconfigure.web.servlet.error.BasicErrorController.errorHtml(javax.servlet.http.HttpServletRequest,javax.servlet.http.HttpServletResponse)
2018-11-22 02:25:59.795  INFO 39026 --- [main] o.s.w.s.handler.SimpleUrlHandlerMapping  : Mapped URL path [/webjars/**] onto handler of type [class org.springframework.web.servlet.resource.ResourceHttpRequestHandler]
2018-11-22 02:25:59.796  INFO 39026 --- [main] o.s.w.s.handler.SimpleUrlHandlerMapping  : Mapped URL path [/**] onto handler of type [class org.springframework.web.servlet.resource.ResourceHttpRequestHandler]
2018-11-22 02:25:59.908  INFO 39026 --- [main] o.s.b.a.w.s.WelcomePageHandlerMapping    : Adding welcome page: class path resource [static/index.html]
2018-11-22 02:26:00.085  INFO 39026 --- [main] o.s.j.e.a.AnnotationMBeanExporter        : Registering beans for JMX exposure on startup
2018-11-22 02:26:00.087  INFO 39026 --- [main] o.s.j.e.a.AnnotationMBeanExporter        : Bean with name 'dataSource' has been autodetected for JMX exposure
2018-11-22 02:26:00.091  INFO 39026 --- [main] o.s.j.e.a.AnnotationMBeanExporter        : Located MBean 'dataSource': registering with JMX server as MBean [com.zaxxer.hikari:name=dataSource,type=HikariDataSource]
2018-11-22 02:26:00.145  INFO 39026 --- [main] o.s.b.w.embedded.tomcat.TomcatWebServer  : Tomcat started on port(s): 8080 (http) with context path ''
2018-11-22 02:26:00.150  INFO 39026 --- [main] c.L.SpringRest.MainApplicationClass      : Started MainApplicationClass in 3.653 seconds (JVM running for 4.306)
2018-11-22 02:26:05.842  INFO 39026 --- [http-nio-8080-exec-1] o.a.c.c.C.[Tomcat].[localhost].[/]       : Initializing Spring FrameworkServlet 'dispatcherServlet'
2018-11-22 02:26:05.842  INFO 39026 --- [http-nio-8080-exec-1] o.s.web.servlet.DispatcherServlet        : FrameworkServlet 'dispatcherServlet': initialization started
2018-11-22 02:26:05.859  INFO 39026 --- [http-nio-8080-exec-1] o.s.web.servlet.DispatcherServlet        : FrameworkServlet 'dispatcherServlet': initialization completed in 17 ms
2018-11-22 02:26:08.412  INFO 39026 --- [http-nio-8080-exec-10] com.zaxxer.hikari.HikariDataSource       : HikariPool-1 - Starting...
2018-11-22 02:26:13.162  INFO 39026 --- [http-nio-8080-exec-10] com.zaxxer.hikari.HikariDataSource       : HikariPool-1 - Start completed.
2018-11-22 02:34:19.033  WARN 39026 --- [HikariPool-1 housekeeper] com.zaxxer.hikari.pool.HikariPool        : HikariPool-1 - Thread starvation or clock leap detected (housekeeper delta=2m5s721ms).
2018-11-22 02:36:06.947  WARN 39026 --- [HikariPool-1 housekeeper] com.zaxxer.hikari.pool.HikariPool        : HikariPool-1 - Thread starvation or clock leap detected (housekeeper delta=1m17s905ms).
2018-11-22 03:18:55.614  WARN 39026 --- [HikariPool-1 housekeeper] com.zaxxer.hikari.pool.HikariPool        : HikariPool-1 - Thread starvation or clock leap detected (housekeeper delta=42m18s657ms).
2018-11-22 03:56:13.807  WARN 39026 --- [HikariPool-1 housekeeper] com.zaxxer.hikari.pool.HikariPool        : HikariPool-1 - Thread starvation or clock leap detected (housekeeper delta=1m17s888ms).
2018-11-22 03:57:08.744  WARN 39026 --- [HikariPool-1 housekeeper] com.zaxxer.hikari.pool.HikariPool        : HikariPool-1 - Thread starvation or clock leap detected (housekeeper delta=54s937ms).
2018-11-22 08:43:21.681  WARN 39026 --- [HikariPool-1 housekeeper] com.zaxxer.hikari.pool.HikariPool        : HikariPool-1 - Thread starvation or clock leap detected (housekeeper delta=4h46m12s914ms).
2018-11-22 10:52:43.479  WARN 39026 --- [HikariPool-1 housekeeper] com.zaxxer.hikari.pool.HikariPool        : HikariPool-1 - Thread starvation or clock leap detected (housekeeper delta=2h9m21s820ms).
2018-11-22 11:26:36.387  WARN 39026 --- [HikariPool-1 housekeeper] com.zaxxer.hikari.pool.HikariPool        : HikariPool-1 - Thread starvation or clock leap detected (housekeeper delta=27m52s948ms).
2018-11-22 11:41:53.820  WARN 39026 --- [HikariPool-1 housekeeper] com.zaxxer.hikari.pool.HikariPool        : HikariPool-1 - Thread starvation or clock leap detected (housekeeper delta=15m17s432ms).
2018-11-22 12:06:55.324  WARN 39026 --- [HikariPool-1 housekeeper] com.zaxxer.hikari.pool.HikariPool        : HikariPool-1 - Thread starvation or clock leap detected (housekeeper delta=3m31s397ms).
2018-11-22 17:16:22.079  WARN 39026 --- [HikariPool-1 housekeeper] com.zaxxer.hikari.pool.HikariPool        : HikariPool-1 - Thread starvation or clock leap detected (housekeeper delta=5h8m56s754ms).
2018-11-22 17:50:27.152  WARN 39026 --- [HikariPool-1 housekeeper] com.zaxxer.hikari.pool.HikariPool        : HikariPool-1 - Thread starvation or clock leap detected (housekeeper delta=34m5s73ms).
