2018-12-30 01:36:40.462  INFO 3445 --- [main] c.L.SpringRest.MainApplicationClass      : Starting MainApplicationClass on Ofirs-MBP-5 with PID 3445 (started by ofir1080 in /Users/ofir1080/dev/internal-dashboard-server-JDBC (dry copy))
2018-12-30 01:36:40.467  INFO 3445 --- [main] c.L.SpringRest.MainApplicationClass      : No active profile set, falling back to default profiles: default
2018-12-30 01:36:40.509  INFO 3445 --- [main] ConfigServletWebServerApplicationContext : Refreshing org.springframework.boot.web.servlet.context.AnnotationConfigServletWebServerApplicationContext@3fc9504b: startup date [Sun Dec 30 01:36:40 IST 2018]; root of context hierarchy
2018-12-30 01:36:41.736  INFO 3445 --- [main] o.s.b.w.embedded.tomcat.TomcatWebServer  : Tomcat initialized with port(s): 8080 (http)
2018-12-30 01:36:41.765  INFO 3445 --- [main] o.apache.catalina.core.StandardService   : Starting service [Tomcat]
2018-12-30 01:36:41.765  INFO 3445 --- [main] org.apache.catalina.core.StandardEngine  : Starting Servlet Engine: Apache Tomcat/8.5.34
2018-12-30 01:36:41.769  INFO 3445 --- [localhost-startStop-1] o.a.catalina.core.AprLifecycleListener   : The APR based Apache Tomcat Native library which allows optimal performance in production environments was not found on the java.library.path: [/Users/ofir1080/Library/Java/Extensions:/Library/Java/Extensions:/Network/Library/Java/Extensions:/System/Library/Java/Extensions:/usr/lib/java:.]
2018-12-30 01:36:41.856  INFO 3445 --- [localhost-startStop-1] o.a.c.c.C.[Tomcat].[localhost].[/]       : Initializing Spring embedded WebApplicationContext
2018-12-30 01:36:41.857  INFO 3445 --- [localhost-startStop-1] o.s.web.context.ContextLoader            : Root WebApplicationContext: initialization completed in 1348 ms
2018-12-30 01:36:41.925  INFO 3445 --- [localhost-startStop-1] o.s.b.w.servlet.FilterRegistrationBean   : Mapping filter: 'characterEncodingFilter' to: [/*]
2018-12-30 01:36:41.925  INFO 3445 --- [localhost-startStop-1] o.s.b.w.servlet.FilterRegistrationBean   : Mapping filter: 'hiddenHttpMethodFilter' to: [/*]
2018-12-30 01:36:41.925  INFO 3445 --- [localhost-startStop-1] o.s.b.w.servlet.FilterRegistrationBean   : Mapping filter: 'httpPutFormContentFilter' to: [/*]
2018-12-30 01:36:41.925  INFO 3445 --- [localhost-startStop-1] o.s.b.w.servlet.FilterRegistrationBean   : Mapping filter: 'requestContextFilter' to: [/*]
2018-12-30 01:36:41.926  INFO 3445 --- [localhost-startStop-1] .s.DelegatingFilterProxyRegistrationBean : Mapping filter: 'springSecurityFilterChain' to: [/*]
2018-12-30 01:36:41.926  INFO 3445 --- [localhost-startStop-1] o.s.b.w.servlet.ServletRegistrationBean  : Servlet dispatcherServlet mapped to [/]
2018-12-30 01:36:42.074  WARN 3445 --- [main] o.s.security.core.userdetails.User       : User.withDefaultPasswordEncoder() is considered unsafe for production and is only intended for sample applications.
2018-12-30 01:36:42.423  INFO 3445 --- [main] o.s.s.web.DefaultSecurityFilterChain     : Creating filter chain: org.springframework.security.web.util.matcher.AnyRequestMatcher@1, [org.springframework.security.web.context.request.async.WebAsyncManagerIntegrationFilter@16aed49f, org.springframework.security.web.context.SecurityContextPersistenceFilter@19a20bb2, org.springframework.security.web.header.HeaderWriterFilter@abbe000, org.springframework.security.web.authentication.logout.LogoutFilter@f425231, org.springframework.security.web.authentication.UsernamePasswordAuthenticationFilter@4eb9f2af, org.springframework.security.web.savedrequest.RequestCacheAwareFilter@69cd1085, org.springframework.security.web.servletapi.SecurityContextHolderAwareRequestFilter@34c70b5e, org.springframework.security.web.authentication.AnonymousAuthenticationFilter@66de00f2, org.springframework.security.web.session.SessionManagementFilter@5b9499fe, org.springframework.security.web.access.ExceptionTranslationFilter@9efcd90, org.springframework.security.web.access.intercept.FilterSecurityInterceptor@7e83992]
2018-12-30 01:36:42.477  INFO 3445 --- [main] o.s.w.s.handler.SimpleUrlHandlerMapping  : Mapped URL path [/**/favicon.ico] onto handler of type [class org.springframework.web.servlet.resource.ResourceHttpRequestHandler]
2018-12-30 01:36:42.589  INFO 3445 --- [main] s.w.s.m.m.a.RequestMappingHandlerAdapter : Looking for @ControllerAdvice: org.springframework.boot.web.servlet.context.AnnotationConfigServletWebServerApplicationContext@3fc9504b: startup date [Sun Dec 30 01:36:40 IST 2018]; root of context hierarchy
2018-12-30 01:36:42.642  INFO 3445 --- [main] s.w.s.m.m.a.RequestMappingHandlerMapping : Mapped "{[/login],methods=[GET]}" onto public java.lang.String com.LangNet.SpringRest.controller.LoginController.login(org.springframework.ui.Model,java.lang.String,java.lang.String)
2018-12-30 01:36:42.653  INFO 3445 --- [main] s.w.s.m.m.a.RequestMappingHandlerMapping : Mapped "{[/internal-dashboard/total-lang],methods=[GET]}" onto public java.util.List<com.LangNet.SpringRest.model.total.TotalLang> com.LangNet.SpringRest.controller.TableController.getTotalLang()
2018-12-30 01:36:42.654  INFO 3445 --- [main] s.w.s.m.m.a.RequestMappingHandlerMapping : Mapped "{[/internal-dashboard/rec-per-month],methods=[GET]}" onto public java.util.List<com.LangNet.SpringRest.model.month.RecPerMonth> com.LangNet.SpringRest.controller.TableController.getRecPerMonth()
2018-12-30 01:36:42.654  INFO 3445 --- [main] s.w.s.m.m.a.RequestMappingHandlerMapping : Mapped "{[/internal-dashboard/user-per-month],methods=[GET]}" onto public java.util.List<com.LangNet.SpringRest.model.month.UserPerMonth> com.LangNet.SpringRest.controller.TableController.getUserPerMonth()
2018-12-30 01:36:42.654  INFO 3445 --- [main] s.w.s.m.m.a.RequestMappingHandlerMapping : Mapped "{[/internal-dashboard/total-users],methods=[GET]}" onto public java.util.List<com.LangNet.SpringRest.model.total.TotalUsers> com.LangNet.SpringRest.controller.TableController.getTotalUsers()
2018-12-30 01:36:42.655  INFO 3445 --- [main] s.w.s.m.m.a.RequestMappingHandlerMapping : Mapped "{[/internal-dashboard/total-lang-USD],methods=[GET]}" onto public double com.LangNet.SpringRest.controller.TableController.getTotalLangUSD()
2018-12-30 01:36:42.655  INFO 3445 --- [main] s.w.s.m.m.a.RequestMappingHandlerMapping : Mapped "{[/internal-dashboard/total-countries],methods=[GET]}" onto public int com.LangNet.SpringRest.controller.TableController.getTotalCountries()
2018-12-30 01:36:42.655  INFO 3445 --- [main] s.w.s.m.m.a.RequestMappingHandlerMapping : Mapped "{[/internal-dashboard/total-time],methods=[GET]}" onto public java.util.List<com.LangNet.SpringRest.model.total.TotalTime> com.LangNet.SpringRest.controller.TableController.getTotalTime()
2018-12-30 01:36:42.656  INFO 3445 --- [main] s.w.s.m.m.a.RequestMappingHandlerMapping : Mapped "{[/internal-dashboard/finished-campaign],methods=[GET]}" onto public java.util.List<com.LangNet.SpringRest.model.FinishedCampaign> com.LangNet.SpringRest.controller.TableController.getFinishedCampaign()
2018-12-30 01:36:42.657  INFO 3445 --- [main] s.w.s.m.m.a.RequestMappingHandlerMapping : Mapped "{[/internal-dashboard/top-users],methods=[GET]}" onto public java.util.List<com.LangNet.SpringRest.model.top.TopUsers> com.LangNet.SpringRest.controller.TableController.getTopUsers()
2018-12-30 01:36:42.658  INFO 3445 --- [main] s.w.s.m.m.a.RequestMappingHandlerMapping : Mapped "{[/internal-dashboard/user-list]}" onto public java.util.List<com.LangNet.SpringRest.model.UserList> com.LangNet.SpringRest.controller.TableController.getUserList(java.lang.String,java.lang.String,java.lang.String)
2018-12-30 01:36:42.659  INFO 3445 --- [main] s.w.s.m.m.a.RequestMappingHandlerMapping : Mapped "{[/internal-dashboard/referral],methods=[GET]}" onto public java.util.List<com.LangNet.SpringRest.model.Referral> com.LangNet.SpringRest.controller.TableController.getReferral()
2018-12-30 01:36:42.660  INFO 3445 --- [main] s.w.s.m.m.a.RequestMappingHandlerMapping : Mapped "{[/internal-dashboard/new-users],methods=[GET]}" onto public java.util.List<com.LangNet.SpringRest.model.NewUsersList> com.LangNet.SpringRest.controller.TableController.getNewUsersList()
2018-12-30 01:36:42.660  INFO 3445 --- [main] s.w.s.m.m.a.RequestMappingHandlerMapping : Mapped "{[/internal-dashboard/last-recorders],methods=[GET]}" onto public java.util.List<com.LangNet.SpringRest.model.UserList> com.LangNet.SpringRest.controller.TableController.getLastRecorders()
2018-12-30 01:36:42.660  INFO 3445 --- [main] s.w.s.m.m.a.RequestMappingHandlerMapping : Mapped "{[/internal-dashboard/top-countries],methods=[GET]}" onto public java.util.List<com.LangNet.SpringRest.model.top.TopCountries> com.LangNet.SpringRest.controller.TableController.getUserPerCountry()
2018-12-30 01:36:42.660  INFO 3445 --- [main] s.w.s.m.m.a.RequestMappingHandlerMapping : Mapped "{[/internal-dashboard/users-ref],methods=[GET]}" onto public java.util.List<com.LangNet.SpringRest.model.month.UserReferencePerMonth> com.LangNet.SpringRest.controller.TableController.UserReferencePerMonth()
2018-12-30 01:36:42.663  INFO 3445 --- [main] s.w.s.m.m.a.RequestMappingHandlerMapping : Mapped "{[/error]}" onto public org.springframework.http.ResponseEntity<java.util.Map<java.lang.String, java.lang.Object>> org.springframework.boot.autoconfigure.web.servlet.error.BasicErrorController.error(javax.servlet.http.HttpServletRequest)
2018-12-30 01:36:42.663  INFO 3445 --- [main] s.w.s.m.m.a.RequestMappingHandlerMapping : Mapped "{[/error],produces=[text/html]}" onto public org.springframework.web.servlet.ModelAndView org.springframework.boot.autoconfigure.web.servlet.error.BasicErrorController.errorHtml(javax.servlet.http.HttpServletRequest,javax.servlet.http.HttpServletResponse)
2018-12-30 01:36:42.684  INFO 3445 --- [main] o.s.w.s.handler.SimpleUrlHandlerMapping  : Mapped URL path [/webjars/**] onto handler of type [class org.springframework.web.servlet.resource.ResourceHttpRequestHandler]
2018-12-30 01:36:42.685  INFO 3445 --- [main] o.s.w.s.handler.SimpleUrlHandlerMapping  : Mapped URL path [/**] onto handler of type [class org.springframework.web.servlet.resource.ResourceHttpRequestHandler]
2018-12-30 01:36:42.772  INFO 3445 --- [main] o.s.b.a.w.s.WelcomePageHandlerMapping    : Adding welcome page: class path resource [static/index.html]
2018-12-30 01:36:42.944  INFO 3445 --- [main] o.s.j.e.a.AnnotationMBeanExporter        : Registering beans for JMX exposure on startup
2018-12-30 01:36:42.947  INFO 3445 --- [main] o.s.j.e.a.AnnotationMBeanExporter        : Bean with name 'dataSource' has been autodetected for JMX exposure
2018-12-30 01:36:42.954  INFO 3445 --- [main] o.s.j.e.a.AnnotationMBeanExporter        : Located MBean 'dataSource': registering with JMX server as MBean [com.zaxxer.hikari:name=dataSource,type=HikariDataSource]
2018-12-30 01:36:43.004  INFO 3445 --- [main] o.s.b.w.embedded.tomcat.TomcatWebServer  : Tomcat started on port(s): 8080 (http) with context path ''
2018-12-30 01:36:43.010  INFO 3445 --- [main] c.L.SpringRest.MainApplicationClass      : Started MainApplicationClass in 2.839 seconds (JVM running for 3.595)
2018-12-30 01:36:46.387  INFO 3445 --- [Thread-2] ConfigServletWebServerApplicationContext : Closing org.springframework.boot.web.servlet.context.AnnotationConfigServletWebServerApplicationContext@3fc9504b: startup date [Sun Dec 30 01:36:40 IST 2018]; root of context hierarchy
2018-12-30 01:36:46.389  INFO 3445 --- [Thread-2] o.s.j.e.a.AnnotationMBeanExporter        : Unregistering JMX-exposed beans on shutdown
2018-12-30 01:36:46.389  INFO 3445 --- [Thread-2] o.s.j.e.a.AnnotationMBeanExporter        : Unregistering JMX-exposed beans
